<?xml version="1.0" encoding="UTF-8"?>
<!-- Generated by org.testng.reporters.JUnitReportReporter -->
<testsuite skipped="0" hostname="LAPTOP-KKSC4670" name="testclasses.LoginTest" tests="1" failures="0" timestamp="2020-07-27T14:29:26 IST" time="1.309" errors="0">
  <testcase name="login" time="1.309" classname="testclasses.LoginTest"/>
  <system-out/>
</testsuite> <!-- testclasses.LoginTest -->
